
INSERT INTO `wp_wcmp_vendor_orders` ( order_id, commission_id, vendor_id, shipping_status, order_item_id, product_id, created, commission_amount, shipping, tax )
														 VALUES
														 ( 5030, 5031, 9, '0', 335, 4793, '2015-12-21 13:05:31', '10', '10', '0' )
-------------------------------------
INSERT INTO `wp_wcmp_vendor_orders` ( order_id, commission_id, vendor_id, shipping_status, order_item_id, product_id, created, commission_amount, shipping, tax )
														 VALUES
														 ( 5025, 5026, 9, '0', 333, 4802, '2015-12-21 12:38:09', '10', '10', '0' )
-------------------------------------
INSERT INTO `wp_wcmp_vendor_orders` ( order_id, commission_id, vendor_id, shipping_status, order_item_id, product_id, created, commission_amount, shipping, tax )
														 VALUES
														 ( 5024, 5027, 9, '0', 331, 4827, '2015-12-21 12:37:58', '10', '10', '0' )
-------------------------------------
INSERT INTO `wp_wcmp_vendor_orders` ( order_id, commission_id, vendor_id, shipping_status, order_item_id, product_id, created, commission_amount, shipping, tax )
														 VALUES
														 ( 5023, 5028, 9, '0', 329, 4823, '2015-12-21 12:37:31', '10', '10', '0' )
-------------------------------------
INSERT INTO `wp_wcmp_vendor_orders` ( order_id, commission_id, vendor_id, shipping_status, order_item_id, product_id, created, commission_amount, shipping, tax )
														 VALUES
														 ( 5016, 5018, 9, '0', 321, 4802, '2015-12-21 07:24:51', '10', '10', '0' )
-------------------------------------
INSERT INTO `wp_wcmp_vendor_orders` ( order_id, commission_id, vendor_id, shipping_status, order_item_id, product_id, created, commission_amount, shipping, tax )
														 VALUES
														 ( 4999, 5014, 9, '0', 305, 4793, '2015-12-21 05:44:12', '10', '10', '0' )
-------------------------------------
INSERT INTO `wp_wcmp_vendor_orders` ( order_id, commission_id, vendor_id, shipping_status, order_item_id, product_id, created, commission_amount, shipping, tax )
														 VALUES
														 ( 5006, 5011, 9, '0', 308, 308, '2015-12-21 06:36:02', '10', '10', '0' )
-------------------------------------
INSERT INTO `wp_wcmp_vendor_orders` ( order_id, commission_id, vendor_id, shipping_status, order_item_id, product_id, created, commission_amount, shipping, tax )
														 VALUES
														 ( 4965, 4966, 9, '0', 279, 3456, '2015-12-04 08:11:11', '0', '12', '0' )
-------------------------------------
INSERT INTO `wp_wcmp_vendor_orders` ( order_id, commission_id, vendor_id, shipping_status, order_item_id, product_id, created, commission_amount, shipping, tax )
														 VALUES
														 ( 4965, 4966, 9, '0', 280, 4825, '2015-12-04 08:11:11', '0', '0', '0' )
-------------------------------------
INSERT INTO `wp_wcmp_vendor_orders` ( order_id, commission_id, vendor_id, shipping_status, order_item_id, product_id, created, commission_amount, shipping, tax )
														 VALUES
														 ( 4965, 4966, 9, '0', 281, 4826, '2015-12-04 08:11:11', '0', '0', '0' )
-------------------------------------
INSERT INTO `wp_wcmp_vendor_orders` ( order_id, commission_id, vendor_id, shipping_status, order_item_id, product_id, created, commission_amount, shipping, tax )
														 VALUES
														 ( 4965, 4966, 9, '0', 282, 4823, '2015-12-04 08:11:11', '10', '0', '0' )
-------------------------------------
INSERT INTO `wp_wcmp_vendor_orders` ( order_id, commission_id, vendor_id, shipping_status, order_item_id, product_id, created, commission_amount, shipping, tax )
														 VALUES
														 ( 4965, 4966, 9, '0', 283, 4827, '2015-12-04 08:11:11', '10', '0', '0' )
-------------------------------------
INSERT INTO `wp_wcmp_vendor_orders` ( order_id, commission_id, vendor_id, shipping_status, order_item_id, product_id, created, commission_amount, shipping, tax )
														 VALUES
														 ( 4883, 4888, 9, '1', 262, 3441, '2015-10-16 11:38:28', '10', '0', '0' )
-------------------------------------
INSERT INTO `wp_wcmp_vendor_orders` ( order_id, commission_id, vendor_id, shipping_status, order_item_id, product_id, created, commission_amount, shipping, tax )
														 VALUES
														 ( 4832, 4835, 9, '1', 247, 4827, '2015-10-07 12:55:44', '10', '0', '0' )
-------------------------------------
INSERT INTO `wp_wcmp_vendor_orders` ( order_id, commission_id, vendor_id, shipping_status, order_item_id, product_id, created, commission_amount, shipping, tax )
														 VALUES
														 ( 4832, 4835, 9, '1', 248, 2683, '2015-10-07 12:55:44', '10', '0', '0' )
-------------------------------------
INSERT INTO `wp_wcmp_vendor_orders` ( order_id, commission_id, vendor_id, shipping_status, order_item_id, product_id, created, commission_amount, shipping, tax )
														 VALUES
														 ( 4833, 4834, 9, '1', 250, 2683, '2015-10-07 13:03:00', '130', '0', '0' )
-------------------------------------
INSERT INTO `wp_wcmp_vendor_orders` ( order_id, commission_id, vendor_id, shipping_status, order_item_id, product_id, created, commission_amount, shipping, tax )
														 VALUES
														 ( 4557, 4567, 9, '0', 237, 2667, '2015-09-23 11:13:25', '10', '12', '0' )
-------------------------------------
INSERT INTO `wp_wcmp_vendor_orders` ( order_id, commission_id, vendor_id, shipping_status, order_item_id, product_id, created, commission_amount, shipping, tax )
														 VALUES
														 ( 4558, 4566, 9, '0', 239, 2673, '2015-09-23 11:14:19', '10', '12', '0' )
-------------------------------------
INSERT INTO `wp_wcmp_vendor_orders` ( order_id, commission_id, vendor_id, shipping_status, order_item_id, product_id, created, commission_amount, shipping, tax )
														 VALUES
														 ( 4563, 4564, 9, '0', 241, 2673, '2015-10-06 11:16:45', '20', '0', '0' )
-------------------------------------
INSERT INTO `wp_wcmp_vendor_orders` ( order_id, commission_id, vendor_id, shipping_status, order_item_id, product_id, created, commission_amount, shipping, tax )
														 VALUES
														 ( 4563, 4564, 9, '0', 242, 3452, '2015-10-06 11:16:45', '0', '0', '0' )
-------------------------------------
INSERT INTO `wp_wcmp_vendor_orders` ( order_id, commission_id, vendor_id, shipping_status, order_item_id, product_id, created, commission_amount, shipping, tax )
														 VALUES
														 ( 4563, 4564, 9, '0', 244, 308, '2015-10-06 11:16:45', '10', '0', '0' )
-------------------------------------
INSERT INTO `wp_wcmp_vendor_orders` ( order_id, commission_id, vendor_id, shipping_status, order_item_id, product_id, created, commission_amount, shipping, tax )
														 VALUES
														 ( 4554, 4555, 9, '0', 235, 2667, '2015-09-23 09:48:05', '80', '96', '0' )
-------------------------------------
INSERT INTO `wp_wcmp_vendor_orders` ( order_id, commission_id, vendor_id, shipping_status, order_item_id, product_id, created, commission_amount, shipping, tax )
														 VALUES
														 ( 4552, 4553, 9, '0', 233, 2667, '2015-09-23 09:44:23', '80', '96', '0' )
-------------------------------------
INSERT INTO `wp_wcmp_vendor_orders` ( order_id, commission_id, vendor_id, shipping_status, order_item_id, product_id, created, commission_amount, shipping, tax )
														 VALUES
														 ( 4550, 4551, 9, '0', 231, 2667, '2015-09-23 07:06:32', '10', '12', '0' )
-------------------------------------
INSERT INTO `wp_wcmp_vendor_orders` ( order_id, commission_id, vendor_id, shipping_status, order_item_id, product_id, created, commission_amount, shipping, tax )
														 VALUES
														 ( 4548, 4549, 9, '0', 229, 2667, '2015-09-23 07:01:00', '10', '12', '0' )
-------------------------------------
INSERT INTO `wp_wcmp_vendor_orders` ( order_id, commission_id, vendor_id, shipping_status, order_item_id, product_id, created, commission_amount, shipping, tax )
														 VALUES
														 ( 3583, 3584, 9, '1', 221, 2673, '2015-09-17 05:44:52', '10', '0', '0' )
-------------------------------------
INSERT INTO `wp_wcmp_vendor_orders` ( order_id, commission_id, vendor_id, shipping_status, order_item_id, product_id, created, commission_amount, shipping, tax )
														 VALUES
														 ( 3583, 3584, 9, '1', 222, 2667, '2015-09-17 05:44:52', '10', '0', '0' )
-------------------------------------
INSERT INTO `wp_wcmp_vendor_orders` ( order_id, commission_id, vendor_id, shipping_status, order_item_id, product_id, created, commission_amount, shipping, tax )
														 VALUES
														 ( 3583, 3584, 9, '1', 227, 308, '2015-09-17 05:44:52', '10', '0', '0' )
-------------------------------------
INSERT INTO `wp_wcmp_vendor_orders` ( order_id, commission_id, vendor_id, shipping_status, order_item_id, product_id, created, commission_amount, shipping, tax )
														 VALUES
														 ( 3577, 3578, 9, '1', 219, 3536, '2015-09-11 11:34:37', '10', '0', '0' )
-------------------------------------
INSERT INTO `wp_wcmp_vendor_orders` ( order_id, commission_id, vendor_id, shipping_status, order_item_id, product_id, created, commission_amount, shipping, tax )
														 VALUES
														 ( 3561, 3576, 9, '1', 216, 3536, '2015-09-11 11:19:00', '10', '0', '0' )
-------------------------------------
INSERT INTO `wp_wcmp_vendor_orders` ( order_id, commission_id, vendor_id, shipping_status, order_item_id, product_id, created, commission_amount, shipping, tax )
														 VALUES
														 ( 3561, 3576, 9, '1', 217, 3423, '2015-09-11 11:19:00', '10', '0', '0' )
-------------------------------------
INSERT INTO `wp_wcmp_vendor_orders` ( order_id, commission_id, vendor_id, shipping_status, order_item_id, product_id, created, commission_amount, shipping, tax )
														 VALUES
														 ( 3520, 3540, 9, '1', 209, 308, '2015-09-05 09:45:42', '10', '10', '0' )
-------------------------------------
INSERT INTO `wp_wcmp_vendor_orders` ( order_id, commission_id, vendor_id, shipping_status, order_item_id, product_id, created, commission_amount, shipping, tax )
														 VALUES
														 ( 3524, 3532, 9, '1', 212, 3448, '2015-09-05 10:43:00', '0', '10', '0' )
-------------------------------------
INSERT INTO `wp_wcmp_vendor_orders` ( order_id, commission_id, vendor_id, shipping_status, order_item_id, product_id, created, commission_amount, shipping, tax )
														 VALUES
														 ( 3524, 3532, 9, '1', 213, 3522, '2015-09-05 10:43:00', '0', '10', '0' )
-------------------------------------
INSERT INTO `wp_wcmp_vendor_orders` ( order_id, commission_id, vendor_id, shipping_status, order_item_id, product_id, created, commission_amount, shipping, tax )
														 VALUES
														 ( 3524, 3529, 9, '1', 212, 3448, '2015-09-05 10:43:00', '0', '10', '0' )
-------------------------------------
INSERT INTO `wp_wcmp_vendor_orders` ( order_id, commission_id, vendor_id, shipping_status, order_item_id, product_id, created, commission_amount, shipping, tax )
														 VALUES
														 ( 3524, 3529, 9, '1', 213, 3522, '2015-09-05 10:43:00', '0', '10', '0' )
-------------------------------------
INSERT INTO `wp_wcmp_vendor_orders` ( order_id, commission_id, vendor_id, shipping_status, order_item_id, product_id, created, commission_amount, shipping, tax )
														 VALUES
														 ( 3515, 3517, 9, '0', 204, 3423, '2015-09-05 07:06:00', '20', '21.4', '0' )
-------------------------------------
INSERT INTO `wp_wcmp_vendor_orders` ( order_id, commission_id, vendor_id, shipping_status, order_item_id, product_id, created, commission_amount, shipping, tax )
														 VALUES
														 ( 3515, 3517, 9, '0', 206, 308, '2015-09-05 07:06:00', '10', '10.7', '0' )
-------------------------------------
INSERT INTO `wp_wcmp_vendor_orders` ( order_id, commission_id, vendor_id, shipping_status, order_item_id, product_id, created, commission_amount, shipping, tax )
														 VALUES
														 ( 3489, 3492, 9, '0', 201, 2667, '2015-08-31 10:17:00', '10', '0', '0' )
-------------------------------------
INSERT INTO `wp_wcmp_vendor_orders` ( order_id, commission_id, vendor_id, shipping_status, order_item_id, product_id, created, commission_amount, shipping, tax )
														 VALUES
														 ( 3473, 3474, 9, '0', 196, 3454, '2015-08-27 06:31:00', '0', '10', '7' )
-------------------------------------
INSERT INTO `wp_wcmp_vendor_orders` ( order_id, commission_id, vendor_id, shipping_status, order_item_id, product_id, created, commission_amount, shipping, tax )
														 VALUES
														 ( 3457, 3458, 9, '0', 188, 2673, '2015-08-26 13:16:00', '30', '0', '6.09' )
-------------------------------------
INSERT INTO `wp_wcmp_vendor_orders` ( order_id, commission_id, vendor_id, shipping_status, order_item_id, product_id, created, commission_amount, shipping, tax )
														 VALUES
														 ( 3457, 3458, 9, '0', 189, 3449, '2015-08-26 13:16:00', '0', '0', '7' )
-------------------------------------
INSERT INTO `wp_wcmp_vendor_orders` ( order_id, commission_id, vendor_id, shipping_status, order_item_id, product_id, created, commission_amount, shipping, tax )
														 VALUES
														 ( 3445, 3446, 9, '0', 183, 2672, '2015-08-26 12:40:51', '10', '0', '10.43' )
-------------------------------------
INSERT INTO `wp_wcmp_vendor_orders` ( order_id, commission_id, vendor_id, shipping_status, order_item_id, product_id, created, commission_amount, shipping, tax )
														 VALUES
														 ( 3445, 3446, 9, '0', 184, 2673, '2015-08-26 12:40:51', '10', '0', '2.03' )
-------------------------------------
INSERT INTO `wp_wcmp_vendor_orders` ( order_id, commission_id, vendor_id, shipping_status, order_item_id, product_id, created, commission_amount, shipping, tax )
														 VALUES
														 ( 2899, 3007, 9, '0', 155, 2683, '2015-08-06 10:13:54', '10', '10', '1.33' )
-------------------------------------
INSERT INTO `wp_wcmp_vendor_orders` ( order_id, commission_id, vendor_id, shipping_status, order_item_id, product_id, created, commission_amount, shipping, tax )
														 VALUES
														 ( 2899, 3010, 9, '0', 155, 2683, '2015-08-06 10:13:54', '10', '10', '1.33' )
-------------------------------------
INSERT INTO `wp_wcmp_vendor_orders` ( order_id, commission_id, vendor_id, shipping_status, order_item_id, product_id, created, commission_amount, shipping, tax )
														 VALUES
														 ( 2899, 3013, 9, '0', 155, 2683, '2015-08-06 10:13:54', '10', '10', '1.33' )
-------------------------------------
INSERT INTO `wp_wcmp_vendor_orders` ( order_id, commission_id, vendor_id, shipping_status, order_item_id, product_id, created, commission_amount, shipping, tax )
														 VALUES
														 ( 2899, 3016, 9, '0', 155, 2683, '2015-08-06 10:13:54', '10', '10', '1.33' )
-------------------------------------
INSERT INTO `wp_wcmp_vendor_orders` ( order_id, commission_id, vendor_id, shipping_status, order_item_id, product_id, created, commission_amount, shipping, tax )
														 VALUES
														 ( 2899, 2980, 9, '0', 155, 2683, '2015-08-06 10:13:54', '10', '10', '1.33' )
-------------------------------------
INSERT INTO `wp_wcmp_vendor_orders` ( order_id, commission_id, vendor_id, shipping_status, order_item_id, product_id, created, commission_amount, shipping, tax )
														 VALUES
														 ( 2899, 2983, 9, '0', 155, 2683, '2015-08-06 10:13:54', '10', '10', '1.33' )
-------------------------------------
INSERT INTO `wp_wcmp_vendor_orders` ( order_id, commission_id, vendor_id, shipping_status, order_item_id, product_id, created, commission_amount, shipping, tax )
														 VALUES
														 ( 2899, 2986, 9, '0', 155, 2683, '2015-08-06 10:13:54', '10', '10', '1.33' )
-------------------------------------
INSERT INTO `wp_wcmp_vendor_orders` ( order_id, commission_id, vendor_id, shipping_status, order_item_id, product_id, created, commission_amount, shipping, tax )
														 VALUES
														 ( 2899, 2989, 9, '0', 155, 2683, '2015-08-06 10:13:54', '10', '10', '1.33' )
-------------------------------------
INSERT INTO `wp_wcmp_vendor_orders` ( order_id, commission_id, vendor_id, shipping_status, order_item_id, product_id, created, commission_amount, shipping, tax )
														 VALUES
														 ( 2899, 2992, 9, '0', 155, 2683, '2015-08-06 10:13:54', '10', '10', '1.33' )
-------------------------------------
INSERT INTO `wp_wcmp_vendor_orders` ( order_id, commission_id, vendor_id, shipping_status, order_item_id, product_id, created, commission_amount, shipping, tax )
														 VALUES
														 ( 2899, 2995, 9, '0', 155, 2683, '2015-08-06 10:13:54', '10', '10', '1.33' )
-------------------------------------
INSERT INTO `wp_wcmp_vendor_orders` ( order_id, commission_id, vendor_id, shipping_status, order_item_id, product_id, created, commission_amount, shipping, tax )
														 VALUES
														 ( 2899, 2998, 9, '0', 155, 2683, '2015-08-06 10:13:54', '10', '10', '1.33' )
-------------------------------------
INSERT INTO `wp_wcmp_vendor_orders` ( order_id, commission_id, vendor_id, shipping_status, order_item_id, product_id, created, commission_amount, shipping, tax )
														 VALUES
														 ( 2899, 3001, 9, '0', 155, 2683, '2015-08-06 10:13:54', '10', '10', '1.33' )
-------------------------------------
INSERT INTO `wp_wcmp_vendor_orders` ( order_id, commission_id, vendor_id, shipping_status, order_item_id, product_id, created, commission_amount, shipping, tax )
														 VALUES
														 ( 2899, 3004, 9, '0', 155, 2683, '2015-08-06 10:13:54', '10', '10', '1.33' )
-------------------------------------
INSERT INTO `wp_wcmp_vendor_orders` ( order_id, commission_id, vendor_id, shipping_status, order_item_id, product_id, created, commission_amount, shipping, tax )
														 VALUES
														 ( 2899, 2971, 9, '0', 155, 2683, '2015-08-06 10:13:54', '10', '10', '1.33' )
-------------------------------------
INSERT INTO `wp_wcmp_vendor_orders` ( order_id, commission_id, vendor_id, shipping_status, order_item_id, product_id, created, commission_amount, shipping, tax )
														 VALUES
														 ( 2899, 2974, 9, '0', 155, 2683, '2015-08-06 10:13:54', '10', '10', '1.33' )
-------------------------------------
INSERT INTO `wp_wcmp_vendor_orders` ( order_id, commission_id, vendor_id, shipping_status, order_item_id, product_id, created, commission_amount, shipping, tax )
														 VALUES
														 ( 2899, 2977, 9, '0', 155, 2683, '2015-08-06 10:13:54', '10', '10', '1.33' )
-------------------------------------
INSERT INTO `wp_wcmp_vendor_orders` ( order_id, commission_id, vendor_id, shipping_status, order_item_id, product_id, created, commission_amount, shipping, tax )
														 VALUES
														 ( 2901, 2944, 9, '0', 162, 2683, '2015-08-06 11:19:00', '10', '10', '1.33' )
-------------------------------------
INSERT INTO `wp_wcmp_vendor_orders` ( order_id, commission_id, vendor_id, shipping_status, order_item_id, product_id, created, commission_amount, shipping, tax )
														 VALUES
														 ( 2901, 2947, 9, '0', 162, 2683, '2015-08-06 11:19:00', '10', '10', '1.33' )
-------------------------------------
INSERT INTO `wp_wcmp_vendor_orders` ( order_id, commission_id, vendor_id, shipping_status, order_item_id, product_id, created, commission_amount, shipping, tax )
														 VALUES
														 ( 2901, 2950, 9, '0', 162, 2683, '2015-08-06 11:19:00', '10', '10', '1.33' )
-------------------------------------
INSERT INTO `wp_wcmp_vendor_orders` ( order_id, commission_id, vendor_id, shipping_status, order_item_id, product_id, created, commission_amount, shipping, tax )
														 VALUES
														 ( 2901, 2953, 9, '0', 162, 2683, '2015-08-06 11:19:00', '10', '10', '1.33' )
-------------------------------------
INSERT INTO `wp_wcmp_vendor_orders` ( order_id, commission_id, vendor_id, shipping_status, order_item_id, product_id, created, commission_amount, shipping, tax )
														 VALUES
														 ( 2901, 2956, 9, '0', 162, 2683, '2015-08-06 11:19:00', '10', '10', '1.33' )
-------------------------------------
INSERT INTO `wp_wcmp_vendor_orders` ( order_id, commission_id, vendor_id, shipping_status, order_item_id, product_id, created, commission_amount, shipping, tax )
														 VALUES
														 ( 2901, 2959, 9, '0', 162, 2683, '2015-08-06 11:19:00', '10', '10', '1.33' )
-------------------------------------
INSERT INTO `wp_wcmp_vendor_orders` ( order_id, commission_id, vendor_id, shipping_status, order_item_id, product_id, created, commission_amount, shipping, tax )
														 VALUES
														 ( 2901, 2962, 9, '0', 162, 2683, '2015-08-06 11:19:00', '10', '10', '1.33' )
-------------------------------------
INSERT INTO `wp_wcmp_vendor_orders` ( order_id, commission_id, vendor_id, shipping_status, order_item_id, product_id, created, commission_amount, shipping, tax )
														 VALUES
														 ( 2899, 2965, 9, '0', 155, 2683, '2015-08-06 10:13:54', '10', '10', '1.33' )
-------------------------------------
INSERT INTO `wp_wcmp_vendor_orders` ( order_id, commission_id, vendor_id, shipping_status, order_item_id, product_id, created, commission_amount, shipping, tax )
														 VALUES
														 ( 2899, 2968, 9, '0', 155, 2683, '2015-08-06 10:13:54', '10', '10', '1.33' )
-------------------------------------
INSERT INTO `wp_wcmp_vendor_orders` ( order_id, commission_id, vendor_id, shipping_status, order_item_id, product_id, created, commission_amount, shipping, tax )
														 VALUES
														 ( 2901, 2935, 9, '0', 162, 2683, '2015-08-06 11:19:00', '10', '10', '1.33' )
-------------------------------------
INSERT INTO `wp_wcmp_vendor_orders` ( order_id, commission_id, vendor_id, shipping_status, order_item_id, product_id, created, commission_amount, shipping, tax )
														 VALUES
														 ( 2901, 2938, 9, '0', 162, 2683, '2015-08-06 11:19:00', '10', '10', '1.33' )
-------------------------------------
INSERT INTO `wp_wcmp_vendor_orders` ( order_id, commission_id, vendor_id, shipping_status, order_item_id, product_id, created, commission_amount, shipping, tax )
														 VALUES
														 ( 2901, 2941, 9, '0', 162, 2683, '2015-08-06 11:19:00', '10', '10', '1.33' )
-------------------------------------
INSERT INTO `wp_wcmp_vendor_orders` ( order_id, commission_id, vendor_id, shipping_status, order_item_id, product_id, created, commission_amount, shipping, tax )
														 VALUES
														 ( 2902, 2915, 9, '0', 167, 2683, '2015-08-06 11:25:00', '10', '10', '1.33' )
-------------------------------------
INSERT INTO `wp_wcmp_vendor_orders` ( order_id, commission_id, vendor_id, shipping_status, order_item_id, product_id, created, commission_amount, shipping, tax )
														 VALUES
														 ( 2902, 2918, 9, '0', 167, 2683, '2015-08-06 11:25:00', '10', '10', '1.33' )
-------------------------------------
INSERT INTO `wp_wcmp_vendor_orders` ( order_id, commission_id, vendor_id, shipping_status, order_item_id, product_id, created, commission_amount, shipping, tax )
														 VALUES
														 ( 2902, 2921, 9, '0', 167, 2683, '2015-08-06 11:25:00', '10', '10', '1.33' )
-------------------------------------
INSERT INTO `wp_wcmp_vendor_orders` ( order_id, commission_id, vendor_id, shipping_status, order_item_id, product_id, created, commission_amount, shipping, tax )
														 VALUES
														 ( 2902, 2924, 9, '0', 167, 2683, '2015-08-06 11:25:00', '10', '10', '1.33' )
-------------------------------------
INSERT INTO `wp_wcmp_vendor_orders` ( order_id, commission_id, vendor_id, shipping_status, order_item_id, product_id, created, commission_amount, shipping, tax )
														 VALUES
														 ( 2901, 2929, 9, '0', 162, 2683, '2015-08-06 11:19:00', '10', '10', '1.33' )
-------------------------------------
INSERT INTO `wp_wcmp_vendor_orders` ( order_id, commission_id, vendor_id, shipping_status, order_item_id, product_id, created, commission_amount, shipping, tax )
														 VALUES
														 ( 2901, 2932, 9, '0', 162, 2683, '2015-08-06 11:19:00', '10', '10', '1.33' )
-------------------------------------
INSERT INTO `wp_wcmp_vendor_orders` ( order_id, commission_id, vendor_id, shipping_status, order_item_id, product_id, created, commission_amount, shipping, tax )
														 VALUES
														 ( 2902, 2909, 9, '0', 167, 2683, '2015-08-06 11:25:00', '10', '10', '1.33' )
-------------------------------------
INSERT INTO `wp_wcmp_vendor_orders` ( order_id, commission_id, vendor_id, shipping_status, order_item_id, product_id, created, commission_amount, shipping, tax )
														 VALUES
														 ( 2902, 2912, 9, '0', 167, 2683, '2015-08-06 11:25:00', '10', '10', '1.33' )
-------------------------------------
INSERT INTO `wp_wcmp_vendor_orders` ( order_id, commission_id, vendor_id, shipping_status, order_item_id, product_id, created, commission_amount, shipping, tax )
														 VALUES
														 ( 5032, 5034, 13, '0', 339, 2671, '2015-12-22 06:20:50', '12', '10', '0' )
-------------------------------------
INSERT INTO `wp_wcmp_vendor_orders` ( order_id, commission_id, vendor_id, shipping_status, order_item_id, product_id, created, commission_amount, shipping, tax )
														 VALUES
														 ( 5020, 5022, 13, '0', 326, 2671, '2015-12-21 09:58:50', '12', '10', '0' )
-------------------------------------
INSERT INTO `wp_wcmp_vendor_orders` ( order_id, commission_id, vendor_id, shipping_status, order_item_id, product_id, created, commission_amount, shipping, tax )
														 VALUES
														 ( 4999, 5015, 13, '0', 306, 4589, '2015-12-21 05:44:12', '12', '10', '0' )
-------------------------------------
INSERT INTO `wp_wcmp_vendor_orders` ( order_id, commission_id, vendor_id, shipping_status, order_item_id, product_id, created, commission_amount, shipping, tax )
														 VALUES
														 ( 5006, 5013, 13, '0', 311, 2671, '2015-12-21 06:36:02', '12', '10', '0' )
-------------------------------------
INSERT INTO `wp_wcmp_vendor_orders` ( order_id, commission_id, vendor_id, shipping_status, order_item_id, product_id, created, commission_amount, shipping, tax )
														 VALUES
														 ( 5007, 5009, 13, '0', 315, 2671, '2015-12-21 07:03:25', '12', '10', '0' )
-------------------------------------
INSERT INTO `wp_wcmp_vendor_orders` ( order_id, commission_id, vendor_id, shipping_status, order_item_id, product_id, created, commission_amount, shipping, tax )
														 VALUES
														 ( 4563, 4565, 106, '0', 245, 3406, '2015-10-06 11:16:45', '10', '0', '0' )
-------------------------------------
INSERT INTO `wp_wcmp_vendor_orders` ( order_id, commission_id, vendor_id, shipping_status, order_item_id, product_id, created, commission_amount, shipping, tax )
														 VALUES
														 ( 3583, 3586, 106, '0', 226, 3406, '2015-09-17 05:44:52', '10', '0', '0' )
-------------------------------------
INSERT INTO `wp_wcmp_vendor_orders` ( order_id, commission_id, vendor_id, shipping_status, order_item_id, product_id, created, commission_amount, shipping, tax )
														 VALUES
														 ( 5007, 5010, 111, '0', 316, 3523, '2015-12-21 07:03:25', '10', '10', '0' )
-------------------------------------
INSERT INTO `wp_wcmp_vendor_orders` ( order_id, commission_id, vendor_id, shipping_status, order_item_id, product_id, created, commission_amount, shipping, tax )
														 VALUES
														 ( 3524, 3533, 111, '0', 214, 3523, '2015-09-05 10:43:00', '0', '20', '0' )
-------------------------------------
INSERT INTO `wp_wcmp_vendor_orders` ( order_id, commission_id, vendor_id, shipping_status, order_item_id, product_id, created, commission_amount, shipping, tax )
														 VALUES
														 ( 3524, 3530, 111, '0', 214, 3523, '2015-09-05 10:43:00', '0', '20', '0' )
-------------------------------------
INSERT INTO `wp_wcmp_vendor_orders` ( order_id, commission_id, vendor_id, shipping_status, order_item_id, product_id, created, commission_amount, shipping, tax )
														 VALUES
														 ( 5038, 5040, 112, '0', 349, 4963, '2015-12-22 06:37:57', '10', '10', '0' )
-------------------------------------
INSERT INTO `wp_wcmp_vendor_orders` ( order_id, commission_id, vendor_id, shipping_status, order_item_id, product_id, created, commission_amount, shipping, tax )
														 VALUES
														 ( 5035, 5037, 112, '0', 344, 4963, '2015-12-22 06:36:33', '10', '10', '0' )
-------------------------------------
INSERT INTO `wp_wcmp_vendor_orders` ( order_id, commission_id, vendor_id, shipping_status, order_item_id, product_id, created, commission_amount, shipping, tax )
														 VALUES
														 ( 4994, 4995, 112, '0', 300, 4963, '2015-12-17 12:27:50', '10', '12', '0' )
-------------------------------------
INSERT INTO `wp_wcmp_vendor_orders` ( order_id, commission_id, vendor_id, shipping_status, order_item_id, product_id, created, commission_amount, shipping, tax )
														 VALUES
														 ( 4994, 4995, 112, '0', 301, 4961, '2015-12-17 12:27:50', '10', '12', '0' )
-------------------------------------
INSERT INTO `wp_wcmp_vendor_orders` ( order_id, commission_id, vendor_id, shipping_status, order_item_id, product_id, created, commission_amount, shipping, tax )
														 VALUES
														 ( 4992, 4993, 112, '0', 296, 4963, '2015-12-17 12:25:05', '10', '12', '0' )
-------------------------------------
INSERT INTO `wp_wcmp_vendor_orders` ( order_id, commission_id, vendor_id, shipping_status, order_item_id, product_id, created, commission_amount, shipping, tax )
														 VALUES
														 ( 4992, 4993, 112, '0', 297, 4961, '2015-12-17 12:25:05', '10', '12', '0' )
-------------------------------------
INSERT INTO `wp_wcmp_vendor_orders` ( order_id, commission_id, vendor_id, shipping_status, order_item_id, product_id, created, commission_amount, shipping, tax )
														 VALUES
														 ( 4989, 4990, 112, '0', 292, 4963, '2015-12-17 11:55:28', '10', '12', '0' )
-------------------------------------
INSERT INTO `wp_wcmp_vendor_orders` ( order_id, commission_id, vendor_id, shipping_status, order_item_id, product_id, created, commission_amount, shipping, tax )
														 VALUES
														 ( 4989, 4990, 112, '0', 293, 4961, '2015-12-17 11:55:28', '20', '24', '0' )
-------------------------------------
INSERT INTO `wp_wcmp_vendor_orders` ( order_id, commission_id, vendor_id, shipping_status, order_item_id, product_id, created, commission_amount, shipping, tax )
														 VALUES
														 ( 4988, 4991, 112, '0', 288, 4963, '2015-12-17 11:52:52', '10', '12', '0' )
-------------------------------------
INSERT INTO `wp_wcmp_vendor_orders` ( order_id, commission_id, vendor_id, shipping_status, order_item_id, product_id, created, commission_amount, shipping, tax )
														 VALUES
														 ( 4988, 4991, 112, '0', 289, 4962, '2015-12-17 11:52:52', '10', '12', '0' )
-------------------------------------
INSERT INTO `wp_wcmp_vendor_orders` ( order_id, commission_id, vendor_id, shipping_status, order_item_id, product_id, created, commission_amount, shipping, tax )
														 VALUES
														 ( 4968, 4969, 112, '0', 285, 4963, '2015-12-04 08:36:36', '10', '12', '0' )
-------------------------------------
INSERT INTO `wp_wcmp_vendor_orders` ( order_id, commission_id, vendor_id, shipping_status, order_item_id, product_id, created, commission_amount, shipping, tax )
														 VALUES
														 ( 4968, 4969, 112, '0', 286, 4961, '2015-12-04 08:36:36', '0', '12', '0' )
-------------------------------------
INSERT INTO `wp_wcmp_vendor_orders` ( order_id, commission_id, vendor_id, shipping_status, order_item_id, product_id, created, commission_amount, shipping, tax )
														 VALUES
														 ( 4896, 4897, 116, '0', 268, 4879, '2015-10-17 06:47:00', '10', '20', '0' )
-------------------------------------
INSERT INTO `wp_wcmp_vendor_orders` ( order_id, commission_id, vendor_id, shipping_status, order_item_id, product_id, created, commission_amount, shipping, tax )
														 VALUES
														 ( 4880, 4891, 116, '0', 254, 4879, '2015-10-16 11:08:35', '10', '20', '0' )
-------------------------------------
INSERT INTO `wp_wcmp_vendor_orders` ( order_id, commission_id, vendor_id, shipping_status, order_item_id, product_id, created, commission_amount, shipping, tax )
														 VALUES
														 ( 4882, 4889, 116, '0', 258, 4879, '2015-10-16 11:20:58', '10', '20', '0' )
-------------------------------------
INSERT INTO `wp_wcmp_vendor_orders` ( order_id, commission_id, vendor_id, shipping_status, order_item_id, product_id, created, commission_amount, shipping, tax )
														 VALUES
														 ( 4881, 4890, 116, '0', 256, 4879, '2015-10-16 11:10:05', '10', '20', '0' )
-------------------------------------
INSERT INTO `wp_wcmp_vendor_orders` ( order_id, commission_id, vendor_id, shipping_status, order_item_id, product_id, created, commission_amount, shipping, tax )
														 VALUES
														 ( 5080, 5081, 118, '0', 389, 5000, '2016-01-04 07:13:35', '10', '10', '0' )
-------------------------------------
INSERT INTO `wp_wcmp_vendor_orders` ( order_id, commission_id, vendor_id, shipping_status, order_item_id, product_id, created, commission_amount, shipping, tax )
														 VALUES
														 ( 5080, 5081, 118, '0', 390, 5002, '2016-01-04 07:13:35', '10', '10', '0' )
-------------------------------------
INSERT INTO `wp_wcmp_vendor_orders` ( order_id, commission_id, vendor_id, shipping_status, order_item_id, product_id, created, commission_amount, shipping, tax )
														 VALUES
														 ( 5080, 5081, 118, '0', 391, 5004, '2016-01-04 07:13:35', '10', '10', '0' )
-------------------------------------
INSERT INTO `wp_wcmp_vendor_orders` ( order_id, commission_id, vendor_id, shipping_status, order_item_id, product_id, created, commission_amount, shipping, tax )
														 VALUES
														 ( 5078, 5079, 118, '0', 385, 5004, '2016-01-04 05:56:24', '10', '10', '0' )
-------------------------------------
INSERT INTO `wp_wcmp_vendor_orders` ( order_id, commission_id, vendor_id, shipping_status, order_item_id, product_id, created, commission_amount, shipping, tax )
														 VALUES
														 ( 5078, 5079, 118, '0', 386, 5000, '2016-01-04 05:56:24', '10', '10', '0' )
-------------------------------------
INSERT INTO `wp_wcmp_vendor_orders` ( order_id, commission_id, vendor_id, shipping_status, order_item_id, product_id, created, commission_amount, shipping, tax )
														 VALUES
														 ( 5075, 5076, 118, '0', 382, 5000, '2016-01-04 05:53:42', '10', '10', '0' )
-------------------------------------
INSERT INTO `wp_wcmp_vendor_orders` ( order_id, commission_id, vendor_id, shipping_status, order_item_id, product_id, created, commission_amount, shipping, tax )
														 VALUES
														 ( 5075, 5076, 118, '0', 383, 5002, '2016-01-04 05:53:42', '10', '10', '0' )
-------------------------------------
INSERT INTO `wp_wcmp_vendor_orders` ( order_id, commission_id, vendor_id, shipping_status, order_item_id, product_id, created, commission_amount, shipping, tax )
														 VALUES
														 ( 5072, 5073, 118, '0', 379, 5004, '2015-12-24 12:35:10', '10', '10', '0' )
-------------------------------------
INSERT INTO `wp_wcmp_vendor_orders` ( order_id, commission_id, vendor_id, shipping_status, order_item_id, product_id, created, commission_amount, shipping, tax )
														 VALUES
														 ( 5072, 5073, 118, '0', 380, 5000, '2015-12-24 12:35:10', '10', '10', '0' )
-------------------------------------
INSERT INTO `wp_wcmp_vendor_orders` ( order_id, commission_id, vendor_id, shipping_status, order_item_id, product_id, created, commission_amount, shipping, tax )
														 VALUES
														 ( 5061, 5062, 118, '0', 367, 5002, '2015-12-23 11:06:27', '10', '10', '0' )
-------------------------------------
INSERT INTO `wp_wcmp_vendor_orders` ( order_id, commission_id, vendor_id, shipping_status, order_item_id, product_id, created, commission_amount, shipping, tax )
														 VALUES
														 ( 5061, 5062, 118, '0', 368, 5004, '2015-12-23 11:06:27', '10', '10', '0' )
-------------------------------------
INSERT INTO `wp_wcmp_vendor_orders` ( order_id, commission_id, vendor_id, shipping_status, order_item_id, product_id, created, commission_amount, shipping, tax )
														 VALUES
														 ( 5048, 5056, 118, '0', 365, 5000, '2015-12-22 11:24:16', '10', '10', '0' )
-------------------------------------
INSERT INTO `wp_wcmp_vendor_orders` ( order_id, commission_id, vendor_id, shipping_status, order_item_id, product_id, created, commission_amount, shipping, tax )
														 VALUES
														 ( 5047, 5055, 118, '0', 363, 5004, '2015-12-22 11:23:50', '10', '10', '0' )
-------------------------------------
INSERT INTO `wp_wcmp_vendor_orders` ( order_id, commission_id, vendor_id, shipping_status, order_item_id, product_id, created, commission_amount, shipping, tax )
														 VALUES
														 ( 5046, 5054, 118, '0', 361, 5002, '2015-12-22 11:23:21', '10', '10', '0' )
-------------------------------------
INSERT INTO `wp_wcmp_vendor_orders` ( order_id, commission_id, vendor_id, shipping_status, order_item_id, product_id, created, commission_amount, shipping, tax )
														 VALUES
														 ( 5045, 5053, 118, '0', 359, 5000, '2015-12-22 11:22:54', '10', '10', '0' )
-------------------------------------
INSERT INTO `wp_wcmp_vendor_orders` ( order_id, commission_id, vendor_id, shipping_status, order_item_id, product_id, created, commission_amount, shipping, tax )
														 VALUES
														 ( 5044, 5052, 118, '0', 357, 5004, '2015-12-22 11:21:42', '10', '10', '0' )
-------------------------------------
INSERT INTO `wp_wcmp_vendor_orders` ( order_id, commission_id, vendor_id, shipping_status, order_item_id, product_id, created, commission_amount, shipping, tax )
														 VALUES
														 ( 5043, 5051, 118, '0', 355, 5004, '2015-12-22 11:21:08', '10', '10', '0' )
-------------------------------------
INSERT INTO `wp_wcmp_vendor_orders` ( order_id, commission_id, vendor_id, shipping_status, order_item_id, product_id, created, commission_amount, shipping, tax )
														 VALUES
														 ( 5042, 5050, 118, '0', 353, 5002, '2015-12-22 11:20:39', '10', '10', '0' )
-------------------------------------
INSERT INTO `wp_wcmp_vendor_orders` ( order_id, commission_id, vendor_id, shipping_status, order_item_id, product_id, created, commission_amount, shipping, tax )
														 VALUES
														 ( 5041, 5049, 118, '0', 351, 5000, '2015-12-22 11:20:10', '10', '10', '0' )
-------------------------------------
INSERT INTO `wp_wcmp_vendor_orders` ( order_id, commission_id, vendor_id, shipping_status, order_item_id, product_id, created, commission_amount, shipping, tax )
														 VALUES
														 ( 5038, 5039, 118, '0', 347, 5004, '2015-12-22 06:37:57', '10', '10', '0' )
-------------------------------------
INSERT INTO `wp_wcmp_vendor_orders` ( order_id, commission_id, vendor_id, shipping_status, order_item_id, product_id, created, commission_amount, shipping, tax )
														 VALUES
														 ( 5038, 5039, 118, '0', 348, 5002, '2015-12-22 06:37:57', '10', '10', '0' )
-------------------------------------
INSERT INTO `wp_wcmp_vendor_orders` ( order_id, commission_id, vendor_id, shipping_status, order_item_id, product_id, created, commission_amount, shipping, tax )
														 VALUES
														 ( 5035, 5036, 118, '0', 341, 5000, '2015-12-22 06:36:33', '10', '10', '0' )
-------------------------------------
INSERT INTO `wp_wcmp_vendor_orders` ( order_id, commission_id, vendor_id, shipping_status, order_item_id, product_id, created, commission_amount, shipping, tax )
														 VALUES
														 ( 5035, 5036, 118, '0', 342, 5002, '2015-12-22 06:36:33', '10', '10', '0' )
-------------------------------------
INSERT INTO `wp_wcmp_vendor_orders` ( order_id, commission_id, vendor_id, shipping_status, order_item_id, product_id, created, commission_amount, shipping, tax )
														 VALUES
														 ( 5035, 5036, 118, '0', 343, 5004, '2015-12-22 06:36:33', '10', '10', '0' )
-------------------------------------
INSERT INTO `wp_wcmp_vendor_orders` ( order_id, commission_id, vendor_id, shipping_status, order_item_id, product_id, created, commission_amount, shipping, tax )
														 VALUES
														 ( 5032, 5033, 118, '0', 337, 5002, '2015-12-22 06:20:50', '10', '10', '0' )
-------------------------------------
INSERT INTO `wp_wcmp_vendor_orders` ( order_id, commission_id, vendor_id, shipping_status, order_item_id, product_id, created, commission_amount, shipping, tax )
														 VALUES
														 ( 5032, 5033, 118, '0', 338, 5004, '2015-12-22 06:20:50', '10', '10', '0' )
-------------------------------------
INSERT INTO `wp_wcmp_vendor_orders` ( order_id, commission_id, vendor_id, shipping_status, order_item_id, product_id, created, commission_amount, shipping, tax )
														 VALUES
														 ( 5020, 5021, 118, '0', 323, 5000, '2015-12-21 09:58:50', '10', '10', '0' )
-------------------------------------
INSERT INTO `wp_wcmp_vendor_orders` ( order_id, commission_id, vendor_id, shipping_status, order_item_id, product_id, created, commission_amount, shipping, tax )
														 VALUES
														 ( 5020, 5021, 118, '0', 324, 5002, '2015-12-21 09:58:50', '10', '10', '0' )
-------------------------------------
INSERT INTO `wp_wcmp_vendor_orders` ( order_id, commission_id, vendor_id, shipping_status, order_item_id, product_id, created, commission_amount, shipping, tax )
														 VALUES
														 ( 5020, 5021, 118, '0', 325, 5004, '2015-12-21 09:58:50', '10', '10', '0' )
-------------------------------------
INSERT INTO `wp_wcmp_vendor_orders` ( order_id, commission_id, vendor_id, shipping_status, order_item_id, product_id, created, commission_amount, shipping, tax )
														 VALUES
														 ( 5016, 5017, 118, '0', 318, 5000, '2015-12-21 07:24:51', '30', '30', '0' )
-------------------------------------
INSERT INTO `wp_wcmp_vendor_orders` ( order_id, commission_id, vendor_id, shipping_status, order_item_id, product_id, created, commission_amount, shipping, tax )
														 VALUES
														 ( 5016, 5017, 118, '0', 319, 5002, '2015-12-21 07:24:51', '20', '20', '0' )
-------------------------------------
INSERT INTO `wp_wcmp_vendor_orders` ( order_id, commission_id, vendor_id, shipping_status, order_item_id, product_id, created, commission_amount, shipping, tax )
														 VALUES
														 ( 5016, 5017, 118, '0', 320, 5004, '2015-12-21 07:24:51', '10', '10', '0' )
-------------------------------------
INSERT INTO `wp_wcmp_vendor_orders` ( order_id, commission_id, vendor_id, shipping_status, order_item_id, product_id, created, commission_amount, shipping, tax )
														 VALUES
														 ( 5006, 5012, 118, '0', 309, 5002, '2015-12-21 06:36:02', '10', '10', '0' )
-------------------------------------
INSERT INTO `wp_wcmp_vendor_orders` ( order_id, commission_id, vendor_id, shipping_status, order_item_id, product_id, created, commission_amount, shipping, tax )
														 VALUES
														 ( 5006, 5012, 118, '0', 310, 5004, '2015-12-21 06:36:02', '10', '10', '0' )
-------------------------------------
INSERT INTO `wp_wcmp_vendor_orders` ( order_id, commission_id, vendor_id, shipping_status, order_item_id, product_id, created, commission_amount, shipping, tax )
														 VALUES
														 ( 5007, 5008, 118, '0', 313, 5002, '2015-12-21 07:03:25', '10', '10', '0' )
-------------------------------------
INSERT INTO `wp_wcmp_vendor_orders` ( order_id, commission_id, vendor_id, shipping_status, order_item_id, product_id, created, commission_amount, shipping, tax )
														 VALUES
														 ( 5007, 5008, 118, '0', 314, 5004, '2015-12-21 07:03:25', '10', '10', '0' )
-------------------------------------
UPDATE `wp_wcmp_vendor_orders` 	SET commission_id = 5088, commission_amount = '10', `shipping` = '10', `tax` = '0'	WHERE order_id =5087 AND order_item_id = 394 AND product_id	=5000
-------------------------------------
UPDATE `wp_wcmp_vendor_orders` 	SET commission_id = 5089, commission_amount = '10', `shipping` = '10', `tax` = '0'	WHERE order_id =5087 AND order_item_id = 396 AND product_id	=2683
-------------------------------------
UPDATE `wp_wcmp_vendor_orders` 	SET commission_id = 5103, commission_amount = '10', `shipping` = '10', `tax` = '0'	WHERE order_id =5102 AND order_item_id = 398 AND product_id	=5000
-------------------------------------
UPDATE `wp_wcmp_vendor_orders` 	SET commission_id = 5127, commission_amount = '10', `shipping` = '10', `tax` = '0'	WHERE order_id =5126 AND order_item_id = 470 AND product_id	=5000
-------------------------------------
UPDATE `wp_wcmp_vendor_orders` 	SET commission_id = 5128, commission_amount = '12', `shipping` = '10', `tax` = '0'	WHERE order_id =5126 AND order_item_id = 472 AND product_id	=400
-------------------------------------
UPDATE `wp_wcmp_vendor_orders` 	SET commission_id = 5129, commission_amount = '10', `shipping` = '10', `tax` = '0'	WHERE order_id =5126 AND order_item_id = 473 AND product_id	=3449
-------------------------------------
UPDATE `wp_wcmp_vendor_orders` 	SET commission_id = 5130, commission_amount = '10', `shipping` = '10', `tax` = '0'	WHERE order_id =5125 AND order_item_id = 465 AND product_id	=5000
-------------------------------------
UPDATE `wp_wcmp_vendor_orders` 	SET commission_id = 5131, commission_amount = '12', `shipping` = '10', `tax` = '0'	WHERE order_id =5125 AND order_item_id = 467 AND product_id	=400
-------------------------------------
UPDATE `wp_wcmp_vendor_orders` 	SET commission_id = 5132, commission_amount = '10', `shipping` = '10', `tax` = '0'	WHERE order_id =5125 AND order_item_id = 468 AND product_id	=3455
-------------------------------------
UPDATE `wp_wcmp_vendor_orders` 	SET commission_id = 5133, commission_amount = '10', `shipping` = '10', `tax` = '0'	WHERE order_id =5124 AND order_item_id = 460 AND product_id	=5000
-------------------------------------
UPDATE `wp_wcmp_vendor_orders` 	SET commission_id = 5134, commission_amount = '12', `shipping` = '10', `tax` = '0'	WHERE order_id =5124 AND order_item_id = 462 AND product_id	=400
-------------------------------------
UPDATE `wp_wcmp_vendor_orders` 	SET commission_id = 5135, commission_amount = '10', `shipping` = '10', `tax` = '0'	WHERE order_id =5124 AND order_item_id = 463 AND product_id	=3453
-------------------------------------
UPDATE `wp_wcmp_vendor_orders` 	SET commission_id = 5136, commission_amount = '10', `shipping` = '10', `tax` = '0'	WHERE order_id =5123 AND order_item_id = 455 AND product_id	=5000
-------------------------------------
UPDATE `wp_wcmp_vendor_orders` 	SET commission_id = 5137, commission_amount = '12', `shipping` = '10', `tax` = '0'	WHERE order_id =5123 AND order_item_id = 458 AND product_id	=400
-------------------------------------
UPDATE `wp_wcmp_vendor_orders` 	SET commission_id = 5138, commission_amount = '10', `shipping` = '12', `tax` = '0'	WHERE order_id =5122 AND order_item_id = 451 AND product_id	=5000
-------------------------------------
UPDATE `wp_wcmp_vendor_orders` 	SET commission_id = 5139, commission_amount = '10', `shipping` = '12', `tax` = '0'	WHERE order_id =5122 AND order_item_id = 453 AND product_id	=3451
-------------------------------------
UPDATE `wp_wcmp_vendor_orders` 	SET commission_id = 5140, commission_amount = '10', `shipping` = '10', `tax` = '0'	WHERE order_id =5121 AND order_item_id = 447 AND product_id	=5000
-------------------------------------
UPDATE `wp_wcmp_vendor_orders` 	SET commission_id = 5141, commission_amount = '10', `shipping` = '10', `tax` = '0'	WHERE order_id =5121 AND order_item_id = 449 AND product_id	=3453
-------------------------------------
UPDATE `wp_wcmp_vendor_orders` 	SET commission_id = 5142, commission_amount = '10', `shipping` = '10', `tax` = '0'	WHERE order_id =5120 AND order_item_id = 443 AND product_id	=5000
-------------------------------------
UPDATE `wp_wcmp_vendor_orders` 	SET commission_id = 5143, commission_amount = '10', `shipping` = '10', `tax` = '0'	WHERE order_id =5120 AND order_item_id = 445 AND product_id	=3453
-------------------------------------
UPDATE `wp_wcmp_vendor_orders` 	SET commission_id = 5144, commission_amount = '10', `shipping` = '10', `tax` = '0'	WHERE order_id =5119 AND order_item_id = 439 AND product_id	=5002
-------------------------------------
UPDATE `wp_wcmp_vendor_orders` 	SET commission_id = 5145, commission_amount = '10', `shipping` = '10', `tax` = '0'	WHERE order_id =5119 AND order_item_id = 441 AND product_id	=3450
-------------------------------------
UPDATE `wp_wcmp_vendor_orders` 	SET commission_id = 5146, commission_amount = '10', `shipping` = '10', `tax` = '0'	WHERE order_id =5118 AND order_item_id = 435 AND product_id	=5000
-------------------------------------
UPDATE `wp_wcmp_vendor_orders` 	SET commission_id = 5147, commission_amount = '10', `shipping` = '10', `tax` = '0'	WHERE order_id =5118 AND order_item_id = 437 AND product_id	=3453
-------------------------------------
UPDATE `wp_wcmp_vendor_orders` 	SET commission_id = 5148, commission_amount = '10', `shipping` = '10', `tax` = '0'	WHERE order_id =5117 AND order_item_id = 431 AND product_id	=5000
-------------------------------------
UPDATE `wp_wcmp_vendor_orders` 	SET commission_id = 5149, commission_amount = '10', `shipping` = '10', `tax` = '0'	WHERE order_id =5117 AND order_item_id = 433 AND product_id	=3453
-------------------------------------
UPDATE `wp_wcmp_vendor_orders` 	SET commission_id = 5150, commission_amount = '10', `shipping` = '10', `tax` = '0'	WHERE order_id =5115 AND order_item_id = 425 AND product_id	=5002
-------------------------------------
UPDATE `wp_wcmp_vendor_orders` 	SET commission_id = 5151, commission_amount = '10', `shipping` = '10', `tax` = '0'	WHERE order_id =5116 AND order_item_id = 427 AND product_id	=5000
-------------------------------------
UPDATE `wp_wcmp_vendor_orders` 	SET commission_id = 5152, commission_amount = '10', `shipping` = '10', `tax` = '0'	WHERE order_id =5116 AND order_item_id = 429 AND product_id	=3449
-------------------------------------
UPDATE `wp_wcmp_vendor_orders` 	SET commission_id = 5153, commission_amount = '10', `shipping` = '10', `tax` = '0'	WHERE order_id =5114 AND order_item_id = 421 AND product_id	=5000
-------------------------------------
UPDATE `wp_wcmp_vendor_orders` 	SET commission_id = 5154, commission_amount = '10', `shipping` = '10', `tax` = '0'	WHERE order_id =5114 AND order_item_id = 423 AND product_id	=3448
-------------------------------------
UPDATE `wp_wcmp_vendor_orders` 	SET commission_id = 5155, commission_amount = '10', `shipping` = '10', `tax` = '0'	WHERE order_id =5113 AND order_item_id = 417 AND product_id	=5000
-------------------------------------
UPDATE `wp_wcmp_vendor_orders` 	SET commission_id = 5156, commission_amount = '10', `shipping` = '10', `tax` = '0'	WHERE order_id =5113 AND order_item_id = 419 AND product_id	=3448
-------------------------------------
UPDATE `wp_wcmp_vendor_orders` 	SET commission_id = 5157, commission_amount = '10', `shipping` = '10', `tax` = '0'	WHERE order_id =5112 AND order_item_id = 413 AND product_id	=5000
-------------------------------------
UPDATE `wp_wcmp_vendor_orders` 	SET commission_id = 5158, commission_amount = '10', `shipping` = '10', `tax` = '0'	WHERE order_id =5112 AND order_item_id = 415 AND product_id	=3448
-------------------------------------
UPDATE `wp_wcmp_vendor_orders` 	SET commission_id = 5159, commission_amount = '10', `shipping` = '10', `tax` = '0'	WHERE order_id =5111 AND order_item_id = 409 AND product_id	=5000
-------------------------------------
UPDATE `wp_wcmp_vendor_orders` 	SET commission_id = 5160, commission_amount = '10', `shipping` = '10', `tax` = '0'	WHERE order_id =5111 AND order_item_id = 411 AND product_id	=2683
-------------------------------------
UPDATE `wp_wcmp_vendor_orders` 	SET commission_id = 5161, commission_amount = '10', `shipping` = '10', `tax` = '0'	WHERE order_id =5110 AND order_item_id = 405 AND product_id	=5000
-------------------------------------
UPDATE `wp_wcmp_vendor_orders` 	SET commission_id = 5162, commission_amount = '10', `shipping` = '10', `tax` = '0'	WHERE order_id =5110 AND order_item_id = 407 AND product_id	=2683
-------------------------------------
UPDATE `wp_wcmp_vendor_orders` 	SET commission_id = 5163, commission_amount = '10', `shipping` = '10', `tax` = '0'	WHERE order_id =5109 AND order_item_id = 401 AND product_id	=5000
-------------------------------------
UPDATE `wp_wcmp_vendor_orders` 	SET commission_id = 5164, commission_amount = '10', `shipping` = '10', `tax` = '0'	WHERE order_id =5109 AND order_item_id = 403 AND product_id	=2683
-------------------------------------
UPDATE `wp_wcmp_vendor_orders` 	SET commission_id = 5170, commission_amount = '10', `shipping` = '10', `tax` = '0'	WHERE order_id =5169 AND order_item_id = 475 AND product_id	=5000
-------------------------------------
UPDATE `wp_wcmp_vendor_orders` 	SET commission_id = 115, commission_amount = '8.1', `shipping` = '0', `tax` = '0'	WHERE order_id =114 AND order_item_id = 1 AND product_id	=83
-------------------------------------
UPDATE `wp_wcmp_vendor_orders` 	SET commission_id = 116, commission_amount = '1.8', `shipping` = '0', `tax` = '0'	WHERE order_id =114 AND order_item_id = 2 AND product_id	=99
-------------------------------------
UPDATE `wp_wcmp_vendor_orders` 	SET commission_id = 118, commission_amount = '2.7', `shipping` = '0', `tax` = '0'	WHERE order_id =117 AND order_item_id = 4 AND product_id	=93
-------------------------------------
UPDATE `wp_wcmp_vendor_orders` 	SET commission_id = 127, commission_amount = '10.8', `shipping` = '0', `tax` = '0'	WHERE order_id =126 AND order_item_id = 7 AND product_id	=73
-------------------------------------
